<?xml version="1.0" encoding="UTF-8"?>
<!-- Generated by org.testng.reporters.JUnitReportReporter -->
<testsuite hostname="SRAVANTHIT" name="selenium.maven.AjaxTest" tests="1" failures="0" timestamp="10 Jun 2019 16:58:12 GMT" time="4.119" errors="0">
  <testcase name="f" time="4.119" classname="selenium.maven.AjaxTest"/>
</testsuite> <!-- selenium.maven.AjaxTest -->
