<?xml version="1.0" encoding="UTF-8"?>
<!-- Generated by org.testng.reporters.JUnitReportReporter -->
<testsuite hostname="SRAVANTHIT" name="Popuphandling.AuthenticationPopUpTest" tests="1" failures="0" timestamp="23 Jun 2019 09:37:30 GMT" time="23.690" errors="0">
  <testcase name="f" time="23.690" classname="Popuphandling.AuthenticationPopUpTest"/>
</testsuite> <!-- Popuphandling.AuthenticationPopUpTest -->
