<?xml version="1.0" encoding="UTF-8"?>
<!-- Generated by org.testng.reporters.JUnitReportReporter -->
<testsuite hostname="SRAVANTHIT" name="Datadriven.DatabaseConnection" tests="1" failures="0" timestamp="20 Jun 2019 16:44:10 GMT" time="0.576" errors="0">
  <testcase name="f" time="0.576" classname="Datadriven.DatabaseConnection"/>
</testsuite> <!-- Datadriven.DatabaseConnection -->
