<?xml version="1.0" encoding="UTF-8"?>
<!-- Generated by org.testng.reporters.JUnitReportReporter -->
<testsuite hostname="SRAVANTHIT" name="listener.Testcase" tests="1" failures="0" timestamp="3 Jun 2019 16:14:56 GMT" time="20.031" errors="0">
  <testcase name="f" time="20.031" classname="listener.Testcase"/>
</testsuite> <!-- listener.Testcase -->
