<?xml version="1.0" encoding="UTF-8"?>
<!-- Generated by org.testng.reporters.JUnitReportReporter -->
<testsuite hostname="SRAVANTHIT" name="selenium.maven.SampleTest2" tests="2" failures="0" timestamp="23 May 2019 16:08:00 GMT" time="0.017" errors="0">
  <testcase name="test2" time="0.016" classname="selenium.maven.SampleTest2"/>
  <testcase name="test3" time="0.001" classname="selenium.maven.SampleTest2"/>
</testsuite> <!-- selenium.maven.SampleTest2 -->
