<?xml version="1.0" encoding="UTF-8"?>
<!-- Generated by org.testng.reporters.JUnitReportReporter -->
<testsuite hostname="SRAVANTHIT" name="listenerclasses.InformationTest" tests="1" failures="0" timestamp="5 Jun 2019 15:38:20 GMT" time="0.678" errors="0">
  <testcase name="Dropdown_tollnumber" time="0.678" classname="listenerclasses.InformationTest"/>
</testsuite> <!-- listenerclasses.InformationTest -->
