<?xml version="1.0" encoding="UTF-8"?>
<!-- Generated by org.testng.reporters.JUnitReportReporter -->
<testsuite hostname="SRAVANTHIT" name="selenium.maven.informcommTest" tests="1" failures="0" timestamp="1 Jun 2019 09:28:49 GMT" time="0.289" errors="0">
  <testcase name="f" time="0.289" classname="selenium.maven.informcommTest"/>
</testsuite> <!-- selenium.maven.informcommTest -->
