<?xml version="1.0" encoding="UTF-8"?>
<!-- Generated by org.testng.reporters.JUnitReportReporter -->
<testsuite hostname="SRAVANTHIT" name="selenium.maven.TestngannotationsTest" tests="2" failures="0" timestamp="16 Jun 2019 10:01:59 GMT" time="0.033" errors="0">
  <testcase name="testCase1" time="0.032" classname="selenium.maven.TestngannotationsTest"/>
  <testcase name="testCase2" time="0.001" classname="selenium.maven.TestngannotationsTest"/>
</testsuite> <!-- selenium.maven.TestngannotationsTest -->
