<?xml version="1.0" encoding="UTF-8"?>
<!-- Generated by org.testng.reporters.JUnitReportReporter -->
<testsuite hostname="SRAVANTHIT" name="selenium.maven.ChromeheadlessTest" tests="1" failures="0" timestamp="10 Jun 2019 17:15:57 GMT" time="5.039" errors="0">
  <testcase name="f" time="5.039" classname="selenium.maven.ChromeheadlessTest"/>
</testsuite> <!-- selenium.maven.ChromeheadlessTest -->
