<?xml version="1.0" encoding="UTF-8"?>
<!-- Generated by org.testng.reporters.JUnitReportReporter -->
<testsuite hostname="SRAVANTHIT" name="selenium.maven.AjaxControl2" tests="1" failures="0" timestamp="16 Jun 2019 09:55:16 GMT" time="4.075" errors="0">
  <testcase name="f" time="4.075" classname="selenium.maven.AjaxControl2"/>
</testsuite> <!-- selenium.maven.AjaxControl2 -->
