<?xml version="1.0" encoding="UTF-8"?>
<!-- Generated by org.testng.reporters.JUnitReportReporter -->
<testsuite hostname="SRAVANTHIT" name="selenium.maven.GetoptionsTest" tests="1" failures="0" timestamp="1 Jun 2019 10:26:19 GMT" time="0.704" errors="0">
  <testcase name="f" time="0.704" classname="selenium.maven.GetoptionsTest"/>
</testsuite> <!-- selenium.maven.GetoptionsTest -->
