<?xml version="1.0" encoding="UTF-8"?>
<!-- Generated by org.testng.reporters.JUnitReportReporter -->
<testsuite hostname="SRAVANTHIT" name="selenium.maven.SampleTest3" tests="2" failures="0" timestamp="23 May 2019 16:10:27 GMT" time="0.013" errors="0">
  <testcase name="test3" time="0.011" classname="selenium.maven.SampleTest3"/>
  <testcase name="test2" time="0.002" classname="selenium.maven.SampleTest3"/>
</testsuite> <!-- selenium.maven.SampleTest3 -->
