<?xml version="1.0" encoding="UTF-8"?>
<!-- Generated by org.testng.reporters.JUnitReportReporter -->
<testsuite hostname="SRAVANTHIT" name="selenium.maven.SampleTest" tests="1" failures="0" timestamp="23 May 2019 16:05:47 GMT" time="0.021" errors="0">
  <testcase name="f" time="0.021" classname="selenium.maven.SampleTest"/>
</testsuite> <!-- selenium.maven.SampleTest -->
