<?xml version="1.0" encoding="UTF-8"?>
<!-- Generated by org.testng.reporters.JUnitReportReporter -->
<testsuite hostname="SRAVANTHIT" name="Datadriven.Dataprovider" tests="1" failures="0" timestamp="18 Jun 2019 16:41:46 GMT" time="46.533" errors="0">
  <testcase name="f" time="46.533" classname="Datadriven.Dataprovider"/>
</testsuite> <!-- Datadriven.Dataprovider -->
