<?xml version="1.0" encoding="UTF-8"?>
<!-- Generated by org.testng.reporters.JUnitReportReporter -->
<testsuite hostname="SRAVANTHIT" name="Datadriven.Readdatafromexcel" tests="1" failures="0" timestamp="18 Jun 2019 16:13:17 GMT" time="1.525" errors="0">
  <testcase name="f" time="1.525" classname="Datadriven.Readdatafromexcel"/>
</testsuite> <!-- Datadriven.Readdatafromexcel -->
