<?xml version="1.0" encoding="UTF-8"?>
<!-- Generated by org.testng.reporters.JUnitReportReporter -->
<testsuite hostname="SRAVANTHIT" name="selenium.maven.AjaxTest" tests="1" failures="0" timestamp="16 Jun 2019 09:51:57 GMT" time="4.517" errors="0">
  <testcase name="f" time="4.517" classname="selenium.maven.AjaxTest"/>
</testsuite> <!-- selenium.maven.AjaxTest -->
