<?xml version="1.0" encoding="UTF-8"?>
<!-- Generated by org.testng.reporters.JUnitReportReporter -->
<testsuite hostname="SRAVANTHIT" name="selenium.maven.testNGgroupTest" tests="3" failures="0" timestamp="26 May 2019 05:32:30 GMT" time="0.012" errors="0">
  <testcase name="g1" time="0.001" classname="selenium.maven.testNGgroupTest"/>
  <testcase name="f1" time="0.009" classname="selenium.maven.testNGgroupTest"/>
  <testcase name="g" time="0.002" classname="selenium.maven.testNGgroupTest"/>
</testsuite> <!-- selenium.maven.testNGgroupTest -->
